2024-12-20 14:44:39  [34mINFO [0;39m com.myteam.backupback.BackupBackApplication - Starting BackupBackApplication using Java 17.0.11 on Alvarez with PID 23692 (E:\Documents\backup\backup-back\target\classes started by Dqian in E:\Documents\backup\backup-back)
2024-12-20 14:44:39  [34mINFO [0;39m com.myteam.backupback.BackupBackApplication - The following 1 profile is active: "application.yml"
2024-12-20 14:44:41  [34mINFO [0;39m o.s.boot.web.embedded.tomcat.TomcatWebServer - Tomcat initialized with port(s): 9090 (http)
2024-12-20 14:44:41  [34mINFO [0;39m org.apache.catalina.core.AprLifecycleListener - Loaded Apache Tomcat Native library [2.0.8] using APR version [1.7.4].
2024-12-20 14:44:41  [34mINFO [0;39m org.apache.catalina.core.AprLifecycleListener - APR capabilities: IPv6 [true], sendfile [true], accept filters [false], random [true], UDS [true].
2024-12-20 14:44:41  [34mINFO [0;39m org.apache.catalina.core.AprLifecycleListener - APR/OpenSSL configuration: useAprConnector [false], useOpenSSL [true]
2024-12-20 14:44:41  [34mINFO [0;39m org.apache.catalina.core.AprLifecycleListener - OpenSSL successfully initialized [OpenSSL 3.0.14 4 Jun 2024]
2024-12-20 14:44:41  [34mINFO [0;39m org.apache.catalina.core.StandardService - Starting service [Tomcat]
2024-12-20 14:44:41  [34mINFO [0;39m org.apache.catalina.core.StandardEngine - Starting Servlet engine: [Apache Tomcat/9.0.68]
2024-12-20 14:44:41  [34mINFO [0;39m o.a.c.core.ContainerBase.[Tomcat].[localhost].[/] - Initializing Spring embedded WebApplicationContext
2024-12-20 14:44:41  [34mINFO [0;39m o.s.b.w.s.c.ServletWebServerApplicationContext - Root WebApplicationContext: initialization completed in 1676 ms
2024-12-20 14:44:42  [34mINFO [0;39m o.s.boot.web.embedded.tomcat.TomcatWebServer - Tomcat started on port(s): 9090 (http) with context path ''
2024-12-20 14:44:42  [34mINFO [0;39m com.myteam.backupback.BackupBackApplication - Started BackupBackApplication in 2.846 seconds (JVM running for 3.626)
2024-12-20 14:46:00  [34mINFO [0;39m o.a.c.core.ContainerBase.[Tomcat].[localhost].[/] - Initializing Spring DispatcherServlet 'dispatcherServlet'
2024-12-20 14:46:00  [34mINFO [0;39m org.springframework.web.servlet.DispatcherServlet - Initializing Servlet 'dispatcherServlet'
2024-12-20 14:46:00  [34mINFO [0;39m org.springframework.web.servlet.DispatcherServlet - Completed initialization in 1 ms
2024-12-20 14:46:00  [34mINFO [0;39m com.zaxxer.hikari.HikariDataSource - HikariPool-1 - Starting...
2024-12-20 14:46:00  [34mINFO [0;39m com.zaxxer.hikari.HikariDataSource - HikariPool-1 - Start completed.
2024-12-20 14:46:00  [1;31mERROR[0;39m c.m.backupback.exception.GlobalExceptionHandler - 异常信息：
com.myteam.backupback.exception.CustomException: null
	at com.myteam.backupback.common.config.JwtInterceptor.preHandle(JwtInterceptor.java:70)
	at org.springframework.web.servlet.HandlerExecutionChain.applyPreHandle(HandlerExecutionChain.java:148)
	at org.springframework.web.servlet.DispatcherServlet.doDispatch(DispatcherServlet.java:1066)
	at org.springframework.web.servlet.DispatcherServlet.doService(DispatcherServlet.java:964)
	at org.springframework.web.servlet.FrameworkServlet.processRequest(FrameworkServlet.java:1006)
	at org.springframework.web.servlet.FrameworkServlet.doGet(FrameworkServlet.java:898)
	at javax.servlet.http.HttpServlet.service(HttpServlet.java:670)
	at org.springframework.web.servlet.FrameworkServlet.service(FrameworkServlet.java:883)
	at javax.servlet.http.HttpServlet.service(HttpServlet.java:779)
	at org.apache.catalina.core.ApplicationFilterChain.internalDoFilter(ApplicationFilterChain.java:227)
	at org.apache.catalina.core.ApplicationFilterChain.doFilter(ApplicationFilterChain.java:162)
	at org.apache.tomcat.websocket.server.WsFilter.doFilter(WsFilter.java:53)
	at org.apache.catalina.core.ApplicationFilterChain.internalDoFilter(ApplicationFilterChain.java:189)
	at org.apache.catalina.core.ApplicationFilterChain.doFilter(ApplicationFilterChain.java:162)
	at org.springframework.web.filter.CorsFilter.doFilterInternal(CorsFilter.java:91)
	at org.springframework.web.filter.OncePerRequestFilter.doFilter(OncePerRequestFilter.java:117)
	at org.apache.catalina.core.ApplicationFilterChain.internalDoFilter(ApplicationFilterChain.java:189)
	at org.apache.catalina.core.ApplicationFilterChain.doFilter(ApplicationFilterChain.java:162)
	at org.springframework.web.filter.RequestContextFilter.doFilterInternal(RequestContextFilter.java:100)
	at org.springframework.web.filter.OncePerRequestFilter.doFilter(OncePerRequestFilter.java:117)
	at org.apache.catalina.core.ApplicationFilterChain.internalDoFilter(ApplicationFilterChain.java:189)
	at org.apache.catalina.core.ApplicationFilterChain.doFilter(ApplicationFilterChain.java:162)
	at org.springframework.web.filter.FormContentFilter.doFilterInternal(FormContentFilter.java:93)
	at org.springframework.web.filter.OncePerRequestFilter.doFilter(OncePerRequestFilter.java:117)
	at org.apache.catalina.core.ApplicationFilterChain.internalDoFilter(ApplicationFilterChain.java:189)
	at org.apache.catalina.core.ApplicationFilterChain.doFilter(ApplicationFilterChain.java:162)
	at org.springframework.web.filter.CharacterEncodingFilter.doFilterInternal(CharacterEncodingFilter.java:201)
	at org.springframework.web.filter.OncePerRequestFilter.doFilter(OncePerRequestFilter.java:117)
	at org.apache.catalina.core.ApplicationFilterChain.internalDoFilter(ApplicationFilterChain.java:189)
	at org.apache.catalina.core.ApplicationFilterChain.doFilter(ApplicationFilterChain.java:162)
	at org.apache.catalina.core.StandardWrapperValve.invoke(StandardWrapperValve.java:197)
	at org.apache.catalina.core.StandardContextValve.invoke(StandardContextValve.java:97)
	at org.apache.catalina.authenticator.AuthenticatorBase.invoke(AuthenticatorBase.java:541)
	at org.apache.catalina.core.StandardHostValve.invoke(StandardHostValve.java:135)
	at org.apache.catalina.valves.ErrorReportValve.invoke(ErrorReportValve.java:92)
	at org.apache.catalina.core.StandardEngineValve.invoke(StandardEngineValve.java:78)
	at org.apache.catalina.connector.CoyoteAdapter.service(CoyoteAdapter.java:360)
	at org.apache.coyote.http11.Http11Processor.service(Http11Processor.java:399)
	at org.apache.coyote.AbstractProcessorLight.process(AbstractProcessorLight.java:65)
	at org.apache.coyote.AbstractProtocol$ConnectionHandler.process(AbstractProtocol.java:893)
	at org.apache.tomcat.util.net.NioEndpoint$SocketProcessor.doRun(NioEndpoint.java:1789)
	at org.apache.tomcat.util.net.SocketProcessorBase.run(SocketProcessorBase.java:49)
	at org.apache.tomcat.util.threads.ThreadPoolExecutor.runWorker(ThreadPoolExecutor.java:1191)
	at org.apache.tomcat.util.threads.ThreadPoolExecutor$Worker.run(ThreadPoolExecutor.java:659)
	at org.apache.tomcat.util.threads.TaskThread$WrappingRunnable.run(TaskThread.java:61)
	at java.base/java.lang.Thread.run(Thread.java:842)
2024-12-20 14:46:15  [1;31mERROR[0;39m c.m.backupback.exception.GlobalExceptionHandler - 异常信息：
com.myteam.backupback.exception.CustomException: null
	at com.myteam.backupback.common.config.JwtInterceptor.preHandle(JwtInterceptor.java:70)
	at org.springframework.web.servlet.HandlerExecutionChain.applyPreHandle(HandlerExecutionChain.java:148)
	at org.springframework.web.servlet.DispatcherServlet.doDispatch(DispatcherServlet.java:1066)
	at org.springframework.web.servlet.DispatcherServlet.doService(DispatcherServlet.java:964)
	at org.springframework.web.servlet.FrameworkServlet.processRequest(FrameworkServlet.java:1006)
	at org.springframework.web.servlet.FrameworkServlet.doGet(FrameworkServlet.java:898)
	at javax.servlet.http.HttpServlet.service(HttpServlet.java:670)
	at org.springframework.web.servlet.FrameworkServlet.service(FrameworkServlet.java:883)
	at javax.servlet.http.HttpServlet.service(HttpServlet.java:779)
	at org.apache.catalina.core.ApplicationFilterChain.internalDoFilter(ApplicationFilterChain.java:227)
	at org.apache.catalina.core.ApplicationFilterChain.doFilter(ApplicationFilterChain.java:162)
	at org.apache.tomcat.websocket.server.WsFilter.doFilter(WsFilter.java:53)
	at org.apache.catalina.core.ApplicationFilterChain.internalDoFilter(ApplicationFilterChain.java:189)
	at org.apache.catalina.core.ApplicationFilterChain.doFilter(ApplicationFilterChain.java:162)
	at org.springframework.web.filter.CorsFilter.doFilterInternal(CorsFilter.java:91)
	at org.springframework.web.filter.OncePerRequestFilter.doFilter(OncePerRequestFilter.java:117)
	at org.apache.catalina.core.ApplicationFilterChain.internalDoFilter(ApplicationFilterChain.java:189)
	at org.apache.catalina.core.ApplicationFilterChain.doFilter(ApplicationFilterChain.java:162)
	at org.springframework.web.filter.RequestContextFilter.doFilterInternal(RequestContextFilter.java:100)
	at org.springframework.web.filter.OncePerRequestFilter.doFilter(OncePerRequestFilter.java:117)
	at org.apache.catalina.core.ApplicationFilterChain.internalDoFilter(ApplicationFilterChain.java:189)
	at org.apache.catalina.core.ApplicationFilterChain.doFilter(ApplicationFilterChain.java:162)
	at org.springframework.web.filter.FormContentFilter.doFilterInternal(FormContentFilter.java:93)
	at org.springframework.web.filter.OncePerRequestFilter.doFilter(OncePerRequestFilter.java:117)
	at org.apache.catalina.core.ApplicationFilterChain.internalDoFilter(ApplicationFilterChain.java:189)
	at org.apache.catalina.core.ApplicationFilterChain.doFilter(ApplicationFilterChain.java:162)
	at org.springframework.web.filter.CharacterEncodingFilter.doFilterInternal(CharacterEncodingFilter.java:201)
	at org.springframework.web.filter.OncePerRequestFilter.doFilter(OncePerRequestFilter.java:117)
	at org.apache.catalina.core.ApplicationFilterChain.internalDoFilter(ApplicationFilterChain.java:189)
	at org.apache.catalina.core.ApplicationFilterChain.doFilter(ApplicationFilterChain.java:162)
	at org.apache.catalina.core.StandardWrapperValve.invoke(StandardWrapperValve.java:197)
	at org.apache.catalina.core.StandardContextValve.invoke(StandardContextValve.java:97)
	at org.apache.catalina.authenticator.AuthenticatorBase.invoke(AuthenticatorBase.java:541)
	at org.apache.catalina.core.StandardHostValve.invoke(StandardHostValve.java:135)
	at org.apache.catalina.valves.ErrorReportValve.invoke(ErrorReportValve.java:92)
	at org.apache.catalina.core.StandardEngineValve.invoke(StandardEngineValve.java:78)
	at org.apache.catalina.connector.CoyoteAdapter.service(CoyoteAdapter.java:360)
	at org.apache.coyote.http11.Http11Processor.service(Http11Processor.java:399)
	at org.apache.coyote.AbstractProcessorLight.process(AbstractProcessorLight.java:65)
	at org.apache.coyote.AbstractProtocol$ConnectionHandler.process(AbstractProtocol.java:893)
	at org.apache.tomcat.util.net.NioEndpoint$SocketProcessor.doRun(NioEndpoint.java:1789)
	at org.apache.tomcat.util.net.SocketProcessorBase.run(SocketProcessorBase.java:49)
	at org.apache.tomcat.util.threads.ThreadPoolExecutor.runWorker(ThreadPoolExecutor.java:1191)
	at org.apache.tomcat.util.threads.ThreadPoolExecutor$Worker.run(ThreadPoolExecutor.java:659)
	at org.apache.tomcat.util.threads.TaskThread$WrappingRunnable.run(TaskThread.java:61)
	at java.base/java.lang.Thread.run(Thread.java:842)
2024-12-20 14:46:22  [34mINFO [0;39m com.myteam.backupback.utils.TokenUtils - token过期时间: 2024-12-20 16:46:22
2024-12-20 14:54:48  [34mINFO [0;39m com.zaxxer.hikari.HikariDataSource - HikariPool-1 - Shutdown initiated...
2024-12-20 14:54:48  [34mINFO [0;39m com.zaxxer.hikari.HikariDataSource - HikariPool-1 - Shutdown completed.
2024-12-20 17:24:55  [34mINFO [0;39m com.myteam.backupback.BackupBackApplication - Starting BackupBackApplication using Java 17.0.11 on Alvarez with PID 17792 (E:\Documents\backup\backup-back\target\classes started by Dqian in E:\Documents\backup\backup-back)
2024-12-20 17:24:55  [34mINFO [0;39m com.myteam.backupback.BackupBackApplication - The following 1 profile is active: "application.yml"
2024-12-20 17:24:56  [34mINFO [0;39m o.s.boot.web.embedded.tomcat.TomcatWebServer - Tomcat initialized with port(s): 9090 (http)
2024-12-20 17:24:56  [34mINFO [0;39m org.apache.catalina.core.AprLifecycleListener - Loaded Apache Tomcat Native library [2.0.8] using APR version [1.7.4].
2024-12-20 17:24:56  [34mINFO [0;39m org.apache.catalina.core.AprLifecycleListener - APR capabilities: IPv6 [true], sendfile [true], accept filters [false], random [true], UDS [true].
2024-12-20 17:24:56  [34mINFO [0;39m org.apache.catalina.core.AprLifecycleListener - APR/OpenSSL configuration: useAprConnector [false], useOpenSSL [true]
2024-12-20 17:24:56  [34mINFO [0;39m org.apache.catalina.core.AprLifecycleListener - OpenSSL successfully initialized [OpenSSL 3.0.14 4 Jun 2024]
2024-12-20 17:24:56  [34mINFO [0;39m org.apache.catalina.core.StandardService - Starting service [Tomcat]
2024-12-20 17:24:56  [34mINFO [0;39m org.apache.catalina.core.StandardEngine - Starting Servlet engine: [Apache Tomcat/9.0.68]
2024-12-20 17:24:56  [34mINFO [0;39m o.a.c.core.ContainerBase.[Tomcat].[localhost].[/] - Initializing Spring embedded WebApplicationContext
2024-12-20 17:24:56  [34mINFO [0;39m o.s.b.w.s.c.ServletWebServerApplicationContext - Root WebApplicationContext: initialization completed in 1046 ms
2024-12-20 17:24:57  [34mINFO [0;39m o.s.boot.web.embedded.tomcat.TomcatWebServer - Tomcat started on port(s): 9090 (http) with context path ''
2024-12-20 17:24:57  [34mINFO [0;39m com.myteam.backupback.BackupBackApplication - Started BackupBackApplication in 2.262 seconds (JVM running for 2.914)
2024-12-20 17:25:24  [34mINFO [0;39m o.a.c.core.ContainerBase.[Tomcat].[localhost].[/] - Initializing Spring DispatcherServlet 'dispatcherServlet'
2024-12-20 17:25:24  [34mINFO [0;39m org.springframework.web.servlet.DispatcherServlet - Initializing Servlet 'dispatcherServlet'
2024-12-20 17:25:24  [34mINFO [0;39m org.springframework.web.servlet.DispatcherServlet - Completed initialization in 1 ms
2024-12-20 17:25:32  [34mINFO [0;39m com.zaxxer.hikari.HikariDataSource - HikariPool-1 - Starting...
2024-12-20 17:25:32  [34mINFO [0;39m com.zaxxer.hikari.HikariDataSource - HikariPool-1 - Start completed.
2024-12-20 17:25:33  [1;31mERROR[0;39m c.m.backupback.exception.GlobalExceptionHandler - 异常信息：
com.myteam.backupback.exception.CustomException: null
	at com.myteam.backupback.common.config.JwtInterceptor.preHandle(JwtInterceptor.java:70)
	at org.springframework.web.servlet.HandlerExecutionChain.applyPreHandle(HandlerExecutionChain.java:148)
	at org.springframework.web.servlet.DispatcherServlet.doDispatch(DispatcherServlet.java:1066)
	at org.springframework.web.servlet.DispatcherServlet.doService(DispatcherServlet.java:964)
	at org.springframework.web.servlet.FrameworkServlet.processRequest(FrameworkServlet.java:1006)
	at org.springframework.web.servlet.FrameworkServlet.doGet(FrameworkServlet.java:898)
	at javax.servlet.http.HttpServlet.service(HttpServlet.java:670)
	at org.springframework.web.servlet.FrameworkServlet.service(FrameworkServlet.java:883)
	at javax.servlet.http.HttpServlet.service(HttpServlet.java:779)
	at org.apache.catalina.core.ApplicationFilterChain.internalDoFilter(ApplicationFilterChain.java:227)
	at org.apache.catalina.core.ApplicationFilterChain.doFilter(ApplicationFilterChain.java:162)
	at org.apache.tomcat.websocket.server.WsFilter.doFilter(WsFilter.java:53)
	at org.apache.catalina.core.ApplicationFilterChain.internalDoFilter(ApplicationFilterChain.java:189)
	at org.apache.catalina.core.ApplicationFilterChain.doFilter(ApplicationFilterChain.java:162)
	at org.springframework.web.filter.CorsFilter.doFilterInternal(CorsFilter.java:91)
	at org.springframework.web.filter.OncePerRequestFilter.doFilter(OncePerRequestFilter.java:117)
	at org.apache.catalina.core.ApplicationFilterChain.internalDoFilter(ApplicationFilterChain.java:189)
	at org.apache.catalina.core.ApplicationFilterChain.doFilter(ApplicationFilterChain.java:162)
	at org.springframework.web.filter.RequestContextFilter.doFilterInternal(RequestContextFilter.java:100)
	at org.springframework.web.filter.OncePerRequestFilter.doFilter(OncePerRequestFilter.java:117)
	at org.apache.catalina.core.ApplicationFilterChain.internalDoFilter(ApplicationFilterChain.java:189)
	at org.apache.catalina.core.ApplicationFilterChain.doFilter(ApplicationFilterChain.java:162)
	at org.springframework.web.filter.FormContentFilter.doFilterInternal(FormContentFilter.java:93)
	at org.springframework.web.filter.OncePerRequestFilter.doFilter(OncePerRequestFilter.java:117)
	at org.apache.catalina.core.ApplicationFilterChain.internalDoFilter(ApplicationFilterChain.java:189)
	at org.apache.catalina.core.ApplicationFilterChain.doFilter(ApplicationFilterChain.java:162)
	at org.springframework.web.filter.CharacterEncodingFilter.doFilterInternal(CharacterEncodingFilter.java:201)
	at org.springframework.web.filter.OncePerRequestFilter.doFilter(OncePerRequestFilter.java:117)
	at org.apache.catalina.core.ApplicationFilterChain.internalDoFilter(ApplicationFilterChain.java:189)
	at org.apache.catalina.core.ApplicationFilterChain.doFilter(ApplicationFilterChain.java:162)
	at org.apache.catalina.core.StandardWrapperValve.invoke(StandardWrapperValve.java:197)
	at org.apache.catalina.core.StandardContextValve.invoke(StandardContextValve.java:97)
	at org.apache.catalina.authenticator.AuthenticatorBase.invoke(AuthenticatorBase.java:541)
	at org.apache.catalina.core.StandardHostValve.invoke(StandardHostValve.java:135)
	at org.apache.catalina.valves.ErrorReportValve.invoke(ErrorReportValve.java:92)
	at org.apache.catalina.core.StandardEngineValve.invoke(StandardEngineValve.java:78)
	at org.apache.catalina.connector.CoyoteAdapter.service(CoyoteAdapter.java:360)
	at org.apache.coyote.http11.Http11Processor.service(Http11Processor.java:399)
	at org.apache.coyote.AbstractProcessorLight.process(AbstractProcessorLight.java:65)
	at org.apache.coyote.AbstractProtocol$ConnectionHandler.process(AbstractProtocol.java:893)
	at org.apache.tomcat.util.net.NioEndpoint$SocketProcessor.doRun(NioEndpoint.java:1789)
	at org.apache.tomcat.util.net.SocketProcessorBase.run(SocketProcessorBase.java:49)
	at org.apache.tomcat.util.threads.ThreadPoolExecutor.runWorker(ThreadPoolExecutor.java:1191)
	at org.apache.tomcat.util.threads.ThreadPoolExecutor$Worker.run(ThreadPoolExecutor.java:659)
	at org.apache.tomcat.util.threads.TaskThread$WrappingRunnable.run(TaskThread.java:61)
	at java.base/java.lang.Thread.run(Thread.java:842)
2024-12-20 17:25:39  [34mINFO [0;39m com.myteam.backupback.utils.TokenUtils - token过期时间: 2024-12-20 19:25:38
2024-12-20 18:01:54  [34mINFO [0;39m com.zaxxer.hikari.HikariDataSource - HikariPool-1 - Shutdown initiated...
2024-12-20 18:01:54  [34mINFO [0;39m com.zaxxer.hikari.HikariDataSource - HikariPool-1 - Shutdown completed.
2024-12-20 19:46:26  [34mINFO [0;39m com.myteam.backupback.BackupBackApplication - Starting BackupBackApplication using Java 17.0.11 on Alvarez with PID 5280 (E:\Documents\backup\backup-back\target\classes started by Dqian in E:\Documents\backup\backup-back)
2024-12-20 19:46:26  [34mINFO [0;39m com.myteam.backupback.BackupBackApplication - The following 1 profile is active: "application.yml"
2024-12-20 19:46:27  [34mINFO [0;39m o.s.boot.web.embedded.tomcat.TomcatWebServer - Tomcat initialized with port(s): 9090 (http)
2024-12-20 19:46:27  [34mINFO [0;39m org.apache.catalina.core.AprLifecycleListener - Loaded Apache Tomcat Native library [2.0.8] using APR version [1.7.4].
2024-12-20 19:46:27  [34mINFO [0;39m org.apache.catalina.core.AprLifecycleListener - APR capabilities: IPv6 [true], sendfile [true], accept filters [false], random [true], UDS [true].
2024-12-20 19:46:27  [34mINFO [0;39m org.apache.catalina.core.AprLifecycleListener - APR/OpenSSL configuration: useAprConnector [false], useOpenSSL [true]
2024-12-20 19:46:27  [34mINFO [0;39m org.apache.catalina.core.AprLifecycleListener - OpenSSL successfully initialized [OpenSSL 3.0.14 4 Jun 2024]
2024-12-20 19:46:27  [34mINFO [0;39m org.apache.catalina.core.StandardService - Starting service [Tomcat]
2024-12-20 19:46:27  [34mINFO [0;39m org.apache.catalina.core.StandardEngine - Starting Servlet engine: [Apache Tomcat/9.0.68]
2024-12-20 19:46:27  [34mINFO [0;39m o.a.c.core.ContainerBase.[Tomcat].[localhost].[/] - Initializing Spring embedded WebApplicationContext
2024-12-20 19:46:27  [34mINFO [0;39m o.s.b.w.s.c.ServletWebServerApplicationContext - Root WebApplicationContext: initialization completed in 1039 ms
2024-12-20 19:46:28  [34mINFO [0;39m o.s.boot.web.embedded.tomcat.TomcatWebServer - Tomcat started on port(s): 9090 (http) with context path ''
2024-12-20 19:46:28  [34mINFO [0;39m com.myteam.backupback.BackupBackApplication - Started BackupBackApplication in 2.091 seconds (JVM running for 2.58)
2024-12-20 19:46:51  [34mINFO [0;39m o.a.c.core.ContainerBase.[Tomcat].[localhost].[/] - Initializing Spring DispatcherServlet 'dispatcherServlet'
2024-12-20 19:46:51  [34mINFO [0;39m org.springframework.web.servlet.DispatcherServlet - Initializing Servlet 'dispatcherServlet'
2024-12-20 19:46:51  [34mINFO [0;39m org.springframework.web.servlet.DispatcherServlet - Completed initialization in 1 ms
2024-12-20 19:46:52  [34mINFO [0;39m com.zaxxer.hikari.HikariDataSource - HikariPool-1 - Starting...
2024-12-20 19:46:52  [34mINFO [0;39m com.zaxxer.hikari.HikariDataSource - HikariPool-1 - Start completed.
2024-12-20 19:46:52  [1;31mERROR[0;39m c.m.backupback.exception.GlobalExceptionHandler - 异常信息：
com.myteam.backupback.exception.CustomException: null
	at com.myteam.backupback.common.config.JwtInterceptor.preHandle(JwtInterceptor.java:70)
	at org.springframework.web.servlet.HandlerExecutionChain.applyPreHandle(HandlerExecutionChain.java:148)
	at org.springframework.web.servlet.DispatcherServlet.doDispatch(DispatcherServlet.java:1066)
	at org.springframework.web.servlet.DispatcherServlet.doService(DispatcherServlet.java:964)
	at org.springframework.web.servlet.FrameworkServlet.processRequest(FrameworkServlet.java:1006)
	at org.springframework.web.servlet.FrameworkServlet.doGet(FrameworkServlet.java:898)
	at javax.servlet.http.HttpServlet.service(HttpServlet.java:670)
	at org.springframework.web.servlet.FrameworkServlet.service(FrameworkServlet.java:883)
	at javax.servlet.http.HttpServlet.service(HttpServlet.java:779)
	at org.apache.catalina.core.ApplicationFilterChain.internalDoFilter(ApplicationFilterChain.java:227)
	at org.apache.catalina.core.ApplicationFilterChain.doFilter(ApplicationFilterChain.java:162)
	at org.apache.tomcat.websocket.server.WsFilter.doFilter(WsFilter.java:53)
	at org.apache.catalina.core.ApplicationFilterChain.internalDoFilter(ApplicationFilterChain.java:189)
	at org.apache.catalina.core.ApplicationFilterChain.doFilter(ApplicationFilterChain.java:162)
	at org.springframework.web.filter.CorsFilter.doFilterInternal(CorsFilter.java:91)
	at org.springframework.web.filter.OncePerRequestFilter.doFilter(OncePerRequestFilter.java:117)
	at org.apache.catalina.core.ApplicationFilterChain.internalDoFilter(ApplicationFilterChain.java:189)
	at org.apache.catalina.core.ApplicationFilterChain.doFilter(ApplicationFilterChain.java:162)
	at org.springframework.web.filter.RequestContextFilter.doFilterInternal(RequestContextFilter.java:100)
	at org.springframework.web.filter.OncePerRequestFilter.doFilter(OncePerRequestFilter.java:117)
	at org.apache.catalina.core.ApplicationFilterChain.internalDoFilter(ApplicationFilterChain.java:189)
	at org.apache.catalina.core.ApplicationFilterChain.doFilter(ApplicationFilterChain.java:162)
	at org.springframework.web.filter.FormContentFilter.doFilterInternal(FormContentFilter.java:93)
	at org.springframework.web.filter.OncePerRequestFilter.doFilter(OncePerRequestFilter.java:117)
	at org.apache.catalina.core.ApplicationFilterChain.internalDoFilter(ApplicationFilterChain.java:189)
	at org.apache.catalina.core.ApplicationFilterChain.doFilter(ApplicationFilterChain.java:162)
	at org.springframework.web.filter.CharacterEncodingFilter.doFilterInternal(CharacterEncodingFilter.java:201)
	at org.springframework.web.filter.OncePerRequestFilter.doFilter(OncePerRequestFilter.java:117)
	at org.apache.catalina.core.ApplicationFilterChain.internalDoFilter(ApplicationFilterChain.java:189)
	at org.apache.catalina.core.ApplicationFilterChain.doFilter(ApplicationFilterChain.java:162)
	at org.apache.catalina.core.StandardWrapperValve.invoke(StandardWrapperValve.java:197)
	at org.apache.catalina.core.StandardContextValve.invoke(StandardContextValve.java:97)
	at org.apache.catalina.authenticator.AuthenticatorBase.invoke(AuthenticatorBase.java:541)
	at org.apache.catalina.core.StandardHostValve.invoke(StandardHostValve.java:135)
	at org.apache.catalina.valves.ErrorReportValve.invoke(ErrorReportValve.java:92)
	at org.apache.catalina.core.StandardEngineValve.invoke(StandardEngineValve.java:78)
	at org.apache.catalina.connector.CoyoteAdapter.service(CoyoteAdapter.java:360)
	at org.apache.coyote.http11.Http11Processor.service(Http11Processor.java:399)
	at org.apache.coyote.AbstractProcessorLight.process(AbstractProcessorLight.java:65)
	at org.apache.coyote.AbstractProtocol$ConnectionHandler.process(AbstractProtocol.java:893)
	at org.apache.tomcat.util.net.NioEndpoint$SocketProcessor.doRun(NioEndpoint.java:1789)
	at org.apache.tomcat.util.net.SocketProcessorBase.run(SocketProcessorBase.java:49)
	at org.apache.tomcat.util.threads.ThreadPoolExecutor.runWorker(ThreadPoolExecutor.java:1191)
	at org.apache.tomcat.util.threads.ThreadPoolExecutor$Worker.run(ThreadPoolExecutor.java:659)
	at org.apache.tomcat.util.threads.TaskThread$WrappingRunnable.run(TaskThread.java:61)
	at java.base/java.lang.Thread.run(Thread.java:842)
2024-12-20 19:46:53  [1;31mERROR[0;39m c.m.backupback.exception.GlobalExceptionHandler - 异常信息：
com.myteam.backupback.exception.CustomException: null
	at com.myteam.backupback.common.config.JwtInterceptor.preHandle(JwtInterceptor.java:70)
	at org.springframework.web.servlet.HandlerExecutionChain.applyPreHandle(HandlerExecutionChain.java:148)
	at org.springframework.web.servlet.DispatcherServlet.doDispatch(DispatcherServlet.java:1066)
	at org.springframework.web.servlet.DispatcherServlet.doService(DispatcherServlet.java:964)
	at org.springframework.web.servlet.FrameworkServlet.processRequest(FrameworkServlet.java:1006)
	at org.springframework.web.servlet.FrameworkServlet.doGet(FrameworkServlet.java:898)
	at javax.servlet.http.HttpServlet.service(HttpServlet.java:670)
	at org.springframework.web.servlet.FrameworkServlet.service(FrameworkServlet.java:883)
	at javax.servlet.http.HttpServlet.service(HttpServlet.java:779)
	at org.apache.catalina.core.ApplicationFilterChain.internalDoFilter(ApplicationFilterChain.java:227)
	at org.apache.catalina.core.ApplicationFilterChain.doFilter(ApplicationFilterChain.java:162)
	at org.apache.tomcat.websocket.server.WsFilter.doFilter(WsFilter.java:53)
	at org.apache.catalina.core.ApplicationFilterChain.internalDoFilter(ApplicationFilterChain.java:189)
	at org.apache.catalina.core.ApplicationFilterChain.doFilter(ApplicationFilterChain.java:162)
	at org.springframework.web.filter.CorsFilter.doFilterInternal(CorsFilter.java:91)
	at org.springframework.web.filter.OncePerRequestFilter.doFilter(OncePerRequestFilter.java:117)
	at org.apache.catalina.core.ApplicationFilterChain.internalDoFilter(ApplicationFilterChain.java:189)
	at org.apache.catalina.core.ApplicationFilterChain.doFilter(ApplicationFilterChain.java:162)
	at org.springframework.web.filter.RequestContextFilter.doFilterInternal(RequestContextFilter.java:100)
	at org.springframework.web.filter.OncePerRequestFilter.doFilter(OncePerRequestFilter.java:117)
	at org.apache.catalina.core.ApplicationFilterChain.internalDoFilter(ApplicationFilterChain.java:189)
	at org.apache.catalina.core.ApplicationFilterChain.doFilter(ApplicationFilterChain.java:162)
	at org.springframework.web.filter.FormContentFilter.doFilterInternal(FormContentFilter.java:93)
	at org.springframework.web.filter.OncePerRequestFilter.doFilter(OncePerRequestFilter.java:117)
	at org.apache.catalina.core.ApplicationFilterChain.internalDoFilter(ApplicationFilterChain.java:189)
	at org.apache.catalina.core.ApplicationFilterChain.doFilter(ApplicationFilterChain.java:162)
	at org.springframework.web.filter.CharacterEncodingFilter.doFilterInternal(CharacterEncodingFilter.java:201)
	at org.springframework.web.filter.OncePerRequestFilter.doFilter(OncePerRequestFilter.java:117)
	at org.apache.catalina.core.ApplicationFilterChain.internalDoFilter(ApplicationFilterChain.java:189)
	at org.apache.catalina.core.ApplicationFilterChain.doFilter(ApplicationFilterChain.java:162)
	at org.apache.catalina.core.StandardWrapperValve.invoke(StandardWrapperValve.java:197)
	at org.apache.catalina.core.StandardContextValve.invoke(StandardContextValve.java:97)
	at org.apache.catalina.authenticator.AuthenticatorBase.invoke(AuthenticatorBase.java:541)
	at org.apache.catalina.core.StandardHostValve.invoke(StandardHostValve.java:135)
	at org.apache.catalina.valves.ErrorReportValve.invoke(ErrorReportValve.java:92)
	at org.apache.catalina.core.StandardEngineValve.invoke(StandardEngineValve.java:78)
	at org.apache.catalina.connector.CoyoteAdapter.service(CoyoteAdapter.java:360)
	at org.apache.coyote.http11.Http11Processor.service(Http11Processor.java:399)
	at org.apache.coyote.AbstractProcessorLight.process(AbstractProcessorLight.java:65)
	at org.apache.coyote.AbstractProtocol$ConnectionHandler.process(AbstractProtocol.java:893)
	at org.apache.tomcat.util.net.NioEndpoint$SocketProcessor.doRun(NioEndpoint.java:1789)
	at org.apache.tomcat.util.net.SocketProcessorBase.run(SocketProcessorBase.java:49)
	at org.apache.tomcat.util.threads.ThreadPoolExecutor.runWorker(ThreadPoolExecutor.java:1191)
	at org.apache.tomcat.util.threads.ThreadPoolExecutor$Worker.run(ThreadPoolExecutor.java:659)
	at org.apache.tomcat.util.threads.TaskThread$WrappingRunnable.run(TaskThread.java:61)
	at java.base/java.lang.Thread.run(Thread.java:842)
2024-12-20 19:47:12  [34mINFO [0;39m com.myteam.backupback.utils.TokenUtils - token过期时间: 2024-12-20 21:47:12
2024-12-20 19:47:31  [34mINFO [0;39m com.zaxxer.hikari.HikariDataSource - HikariPool-1 - Shutdown initiated...
2024-12-20 19:47:31  [34mINFO [0;39m com.zaxxer.hikari.HikariDataSource - HikariPool-1 - Shutdown completed.
2024-12-20 19:47:35  [34mINFO [0;39m com.myteam.backupback.BackupBackApplication - Starting BackupBackApplication using Java 17.0.11 on Alvarez with PID 18708 (E:\Documents\backup\backup-back\target\classes started by Dqian in E:\Documents\backup\backup-back)
2024-12-20 19:47:35  [34mINFO [0;39m com.myteam.backupback.BackupBackApplication - The following 1 profile is active: "application.yml"
2024-12-20 19:47:36  [34mINFO [0;39m o.s.boot.web.embedded.tomcat.TomcatWebServer - Tomcat initialized with port(s): 9090 (http)
2024-12-20 19:47:36  [34mINFO [0;39m org.apache.catalina.core.AprLifecycleListener - Loaded Apache Tomcat Native library [2.0.8] using APR version [1.7.4].
2024-12-20 19:47:36  [34mINFO [0;39m org.apache.catalina.core.AprLifecycleListener - APR capabilities: IPv6 [true], sendfile [true], accept filters [false], random [true], UDS [true].
2024-12-20 19:47:36  [34mINFO [0;39m org.apache.catalina.core.AprLifecycleListener - APR/OpenSSL configuration: useAprConnector [false], useOpenSSL [true]
2024-12-20 19:47:36  [34mINFO [0;39m org.apache.catalina.core.AprLifecycleListener - OpenSSL successfully initialized [OpenSSL 3.0.14 4 Jun 2024]
2024-12-20 19:47:36  [34mINFO [0;39m org.apache.catalina.core.StandardService - Starting service [Tomcat]
2024-12-20 19:47:36  [34mINFO [0;39m org.apache.catalina.core.StandardEngine - Starting Servlet engine: [Apache Tomcat/9.0.68]
2024-12-20 19:47:36  [34mINFO [0;39m o.a.c.core.ContainerBase.[Tomcat].[localhost].[/] - Initializing Spring embedded WebApplicationContext
2024-12-20 19:47:36  [34mINFO [0;39m o.s.b.w.s.c.ServletWebServerApplicationContext - Root WebApplicationContext: initialization completed in 1026 ms
2024-12-20 19:47:36  [34mINFO [0;39m o.s.boot.web.embedded.tomcat.TomcatWebServer - Tomcat started on port(s): 9090 (http) with context path ''
2024-12-20 19:47:36  [34mINFO [0;39m com.myteam.backupback.BackupBackApplication - Started BackupBackApplication in 2.166 seconds (JVM running for 2.715)
2024-12-20 19:47:41  [34mINFO [0;39m o.a.c.core.ContainerBase.[Tomcat].[localhost].[/] - Initializing Spring DispatcherServlet 'dispatcherServlet'
2024-12-20 19:47:41  [34mINFO [0;39m org.springframework.web.servlet.DispatcherServlet - Initializing Servlet 'dispatcherServlet'
2024-12-20 19:47:41  [34mINFO [0;39m org.springframework.web.servlet.DispatcherServlet - Completed initialization in 0 ms
2024-12-20 19:47:41  [34mINFO [0;39m com.zaxxer.hikari.HikariDataSource - HikariPool-1 - Starting...
2024-12-20 19:47:41  [34mINFO [0;39m com.zaxxer.hikari.HikariDataSource - HikariPool-1 - Start completed.
2024-12-20 19:47:56  [34mINFO [0;39m com.zaxxer.hikari.HikariDataSource - HikariPool-1 - Shutdown initiated...
2024-12-20 19:47:56  [34mINFO [0;39m com.zaxxer.hikari.HikariDataSource - HikariPool-1 - Shutdown completed.
2024-12-20 20:05:18  [34mINFO [0;39m com.myteam.backupback.BackupBackApplication - Starting BackupBackApplication using Java 17.0.11 on Alvarez with PID 7084 (E:\Documents\backup\backup-back\target\classes started by Dqian in E:\Documents\backup\backup-back)
2024-12-20 20:05:18  [34mINFO [0;39m com.myteam.backupback.BackupBackApplication - The following 1 profile is active: "application.yml"
2024-12-20 20:05:19  [34mINFO [0;39m o.s.boot.web.embedded.tomcat.TomcatWebServer - Tomcat initialized with port(s): 9090 (http)
2024-12-20 20:05:19  [34mINFO [0;39m org.apache.catalina.core.AprLifecycleListener - Loaded Apache Tomcat Native library [2.0.8] using APR version [1.7.4].
2024-12-20 20:05:19  [34mINFO [0;39m org.apache.catalina.core.AprLifecycleListener - APR capabilities: IPv6 [true], sendfile [true], accept filters [false], random [true], UDS [true].
2024-12-20 20:05:19  [34mINFO [0;39m org.apache.catalina.core.AprLifecycleListener - APR/OpenSSL configuration: useAprConnector [false], useOpenSSL [true]
2024-12-20 20:05:19  [34mINFO [0;39m org.apache.catalina.core.AprLifecycleListener - OpenSSL successfully initialized [OpenSSL 3.0.14 4 Jun 2024]
2024-12-20 20:05:19  [34mINFO [0;39m org.apache.catalina.core.StandardService - Starting service [Tomcat]
2024-12-20 20:05:19  [34mINFO [0;39m org.apache.catalina.core.StandardEngine - Starting Servlet engine: [Apache Tomcat/9.0.68]
2024-12-20 20:05:19  [34mINFO [0;39m o.a.c.core.ContainerBase.[Tomcat].[localhost].[/] - Initializing Spring embedded WebApplicationContext
2024-12-20 20:05:19  [34mINFO [0;39m o.s.b.w.s.c.ServletWebServerApplicationContext - Root WebApplicationContext: initialization completed in 844 ms
2024-12-20 20:05:20  [34mINFO [0;39m o.s.boot.web.embedded.tomcat.TomcatWebServer - Tomcat started on port(s): 9090 (http) with context path ''
2024-12-20 20:05:20  [34mINFO [0;39m com.myteam.backupback.BackupBackApplication - Started BackupBackApplication in 1.853 seconds (JVM running for 2.291)
2024-12-20 20:05:46  [34mINFO [0;39m o.a.c.core.ContainerBase.[Tomcat].[localhost].[/] - Initializing Spring DispatcherServlet 'dispatcherServlet'
2024-12-20 20:05:46  [34mINFO [0;39m org.springframework.web.servlet.DispatcherServlet - Initializing Servlet 'dispatcherServlet'
2024-12-20 20:05:46  [34mINFO [0;39m org.springframework.web.servlet.DispatcherServlet - Completed initialization in 1 ms
2024-12-20 20:05:46  [34mINFO [0;39m com.zaxxer.hikari.HikariDataSource - HikariPool-1 - Starting...
2024-12-20 20:05:46  [34mINFO [0;39m com.zaxxer.hikari.HikariDataSource - HikariPool-1 - Start completed.
2024-12-20 20:13:32  [34mINFO [0;39m com.myteam.backupback.utils.TokenUtils - token过期时间: 2024-12-20 22:13:32
2024-12-20 20:13:33  [34mINFO [0;39m com.myteam.backupback.utils.TokenUtils - token过期时间: 2024-12-20 22:13:33
2024-12-20 20:17:42  [34mINFO [0;39m com.zaxxer.hikari.HikariDataSource - HikariPool-1 - Shutdown initiated...
2024-12-20 20:17:42  [34mINFO [0;39m com.zaxxer.hikari.HikariDataSource - HikariPool-1 - Shutdown completed.
